[DEBUG] Apply dependencies of \phpbb\db\migration\data\v31x\profilefield_remove_underscore_from_alpha.
[DEBUG] Apply dependencies of \phpbb\db\migration\data\v31x\v311.
[DEBUG] Apply dependencies of \phpbb\db\migration\data\v310\gold.
[DEBUG] Apply dependencies of \phpbb\db\migration\data\v310\rc6.
[DEBUG] Apply dependencies of \phpbb\db\migration\data\v310\rc5.
[DEBUG] Apply dependencies of \phpbb\db\migration\data\v310\rc4.
[DEBUG] Apply dependencies of \phpbb\db\migration\data\v310\rc3.
[DEBUG] Apply dependencies of \phpbb\db\migration\data\v310\rc2.
[DEBUG] Apply dependencies of \phpbb\db\migration\data\v310\rc1.
[DEBUG] Apply dependencies of \phpbb\db\migration\data\v310\beta4.
[DEBUG] Apply dependencies of \phpbb\db\migration\data\v310\beta3.
[DEBUG] Apply dependencies of \phpbb\db\migration\data\v310\beta2.
[DEBUG] Apply dependencies of \phpbb\db\migration\data\v310\beta1.
[DEBUG] Apply dependencies of \phpbb\db\migration\data\v310\alpha3.
[DEBUG] Apply dependencies of \phpbb\db\migration\data\v310\alpha2.
[DEBUG] Apply dependencies of \phpbb\db\migration\data\v310\alpha1.
[DEBUG] Apply dependencies of \phpbb\db\migration\data\v310\notification_options_reconvert.
[DEBUG] Installing Data: \phpbb\db\migration\data\v310\notification_options_reconvert.
[DEBUG] Installing Data: \phpbb\db\migration\data\v310\notification_options_reconvert; Time: 0.03 seconds
[DEBUG] Apply dependencies of \phpbb\db\migration\data\v31x\profilefield_remove_underscore_from_alpha.
[DEBUG] Apply dependencies of \phpbb\db\migration\data\v31x\v311.
[DEBUG] Apply dependencies of \phpbb\db\migration\data\v310\gold.
[DEBUG] Apply dependencies of \phpbb\db\migration\data\v310\rc6.
[DEBUG] Apply dependencies of \phpbb\db\migration\data\v310\rc5.
[DEBUG] Apply dependencies of \phpbb\db\migration\data\v310\rc4.
[DEBUG] Apply dependencies of \phpbb\db\migration\data\v310\rc3.
[DEBUG] Apply dependencies of \phpbb\db\migration\data\v310\rc2.
[DEBUG] Apply dependencies of \phpbb\db\migration\data\v310\rc1.
[DEBUG] Apply dependencies of \phpbb\db\migration\data\v310\beta4.
[DEBUG] Apply dependencies of \phpbb\db\migration\data\v310\beta3.
[DEBUG] Apply dependencies of \phpbb\db\migration\data\v310\beta2.
[DEBUG] Apply dependencies of \phpbb\db\migration\data\v310\beta1.
[DEBUG] Apply dependencies of \phpbb\db\migration\data\v310\alpha3.
[DEBUG] Apply dependencies of \phpbb\db\migration\data\v310\alpha2.
[DEBUG] Apply dependencies of \phpbb\db\migration\data\v310\alpha1.
[DEBUG] Apply dependencies of \phpbb\db\migration\data\v310\notification_options_reconvert.
[DEBUG] Installing Data: \phpbb\db\migration\data\v310\notification_options_reconvert.
[DEBUG] Installing Data: \phpbb\db\migration\data\v310\notification_options_reconvert; Time: 0.03 seconds
[DEBUG] Apply dependencies of \phpbb\db\migration\data\v31x\profilefield_remove_underscore_from_alpha.
[DEBUG] Apply dependencies of \phpbb\db\migration\data\v31x\v311.
[DEBUG] Apply dependencies of \phpbb\db\migration\data\v310\gold.
[DEBUG] Apply dependencies of \phpbb\db\migration\data\v310\rc6.
[DEBUG] Apply dependencies of \phpbb\db\migration\data\v310\rc5.
[DEBUG] Apply dependencies of \phpbb\db\migration\data\v310\rc4.
[DEBUG] Apply dependencies of \phpbb\db\migration\data\v310\rc3.
[DEBUG] Apply dependencies of \phpbb\db\migration\data\v310\rc2.
[DEBUG] Apply dependencies of \phpbb\db\migration\data\v310\rc1.
[DEBUG] Apply dependencies of \phpbb\db\migration\data\v310\beta4.
[DEBUG] Apply dependencies of \phpbb\db\migration\data\v310\beta3.
[DEBUG] Apply dependencies of \phpbb\db\migration\data\v310\beta2.
[DEBUG] Apply dependencies of \phpbb\db\migration\data\v310\beta1.
[DEBUG] Apply dependencies of \phpbb\db\migration\data\v310\alpha3.
[DEBUG] Apply dependencies of \phpbb\db\migration\data\v310\alpha2.
[DEBUG] Apply dependencies of \phpbb\db\migration\data\v310\alpha1.
[DEBUG] Apply dependencies of \phpbb\db\migration\data\v310\notification_options_reconvert.
[DEBUG] Installing Data: \phpbb\db\migration\data\v310\notification_options_reconvert.
[DEBUG] Installing Data: \phpbb\db\migration\data\v310\notification_options_reconvert; Time: 0.03 seconds
[DEBUG] Apply dependencies of \phpbb\db\migration\data\v31x\profilefield_remove_underscore_from_alpha.
[DEBUG] Apply dependencies of \phpbb\db\migration\data\v31x\v311.
[DEBUG] Apply dependencies of \phpbb\db\migration\data\v310\gold.
[DEBUG] Apply dependencies of \phpbb\db\migration\data\v310\rc6.
[DEBUG] Apply dependencies of \phpbb\db\migration\data\v310\rc5.
[DEBUG] Apply dependencies of \phpbb\db\migration\data\v310\rc4.
[DEBUG] Apply dependencies of \phpbb\db\migration\data\v310\rc3.
[DEBUG] Apply dependencies of \phpbb\db\migration\data\v310\rc2.
[DEBUG] Apply dependencies of \phpbb\db\migration\data\v310\rc1.
[DEBUG] Apply dependencies of \phpbb\db\migration\data\v310\beta4.
[DEBUG] Apply dependencies of \phpbb\db\migration\data\v310\beta3.
[DEBUG] Apply dependencies of \phpbb\db\migration\data\v310\beta2.
[DEBUG] Apply dependencies of \phpbb\db\migration\data\v310\beta1.
[DEBUG] Apply dependencies of \phpbb\db\migration\data\v310\alpha3.
[DEBUG] Apply dependencies of \phpbb\db\migration\data\v310\alpha2.
[DEBUG] Apply dependencies of \phpbb\db\migration\data\v310\alpha1.
[DEBUG] Apply dependencies of \phpbb\db\migration\data\v310\notification_options_reconvert.
[DEBUG] Installing Data: \phpbb\db\migration\data\v310\notification_options_reconvert.
[DEBUG] Installing Data: \phpbb\db\migration\data\v310\notification_options_reconvert; Time: 0.03 seconds
[DEBUG] Apply dependencies of \phpbb\db\migration\data\v31x\profilefield_remove_underscore_from_alpha.
[DEBUG] Apply dependencies of \phpbb\db\migration\data\v31x\v311.
[DEBUG] Apply dependencies of \phpbb\db\migration\data\v310\gold.
[DEBUG] Apply dependencies of \phpbb\db\migration\data\v310\rc6.
[DEBUG] Apply dependencies of \phpbb\db\migration\data\v310\rc5.
[DEBUG] Apply dependencies of \phpbb\db\migration\data\v310\rc4.
[DEBUG] Apply dependencies of \phpbb\db\migration\data\v310\rc3.
[DEBUG] Apply dependencies of \phpbb\db\migration\data\v310\rc2.
[DEBUG] Apply dependencies of \phpbb\db\migration\data\v310\rc1.
[DEBUG] Apply dependencies of \phpbb\db\migration\data\v310\beta4.
[DEBUG] Apply dependencies of \phpbb\db\migration\data\v310\beta3.
[DEBUG] Apply dependencies of \phpbb\db\migration\data\v310\beta2.
[DEBUG] Apply dependencies of \phpbb\db\migration\data\v310\beta1.
[DEBUG] Apply dependencies of \phpbb\db\migration\data\v310\alpha3.
[DEBUG] Apply dependencies of \phpbb\db\migration\data\v310\alpha2.
[DEBUG] Apply dependencies of \phpbb\db\migration\data\v310\alpha1.
[DEBUG] Apply dependencies of \phpbb\db\migration\data\v310\notification_options_reconvert.
[DEBUG] Installing Data: \phpbb\db\migration\data\v310\notification_options_reconvert.
[DEBUG] Installing Data: \phpbb\db\migration\data\v310\notification_options_reconvert; Time: 0.03 seconds
[DEBUG] Apply dependencies of \phpbb\db\migration\data\v31x\profilefield_remove_underscore_from_alpha.
[DEBUG] Apply dependencies of \phpbb\db\migration\data\v31x\v311.
[DEBUG] Apply dependencies of \phpbb\db\migration\data\v310\gold.
[DEBUG] Apply dependencies of \phpbb\db\migration\data\v310\rc6.
[DEBUG] Apply dependencies of \phpbb\db\migration\data\v310\rc5.
[DEBUG] Apply dependencies of \phpbb\db\migration\data\v310\rc4.
[DEBUG] Apply dependencies of \phpbb\db\migration\data\v310\rc3.
[DEBUG] Apply dependencies of \phpbb\db\migration\data\v310\rc2.
[DEBUG] Apply dependencies of \phpbb\db\migration\data\v310\rc1.
[DEBUG] Apply dependencies of \phpbb\db\migration\data\v310\beta4.
[DEBUG] Apply dependencies of \phpbb\db\migration\data\v310\beta3.
[DEBUG] Apply dependencies of \phpbb\db\migration\data\v310\beta2.
[DEBUG] Apply dependencies of \phpbb\db\migration\data\v310\beta1.
[DEBUG] Apply dependencies of \phpbb\db\migration\data\v310\alpha3.
[DEBUG] Apply dependencies of \phpbb\db\migration\data\v310\alpha2.
[DEBUG] Apply dependencies of \phpbb\db\migration\data\v310\alpha1.
[DEBUG] Apply dependencies of \phpbb\db\migration\data\v310\notification_options_reconvert.
[DEBUG] Installing Data: \phpbb\db\migration\data\v310\notification_options_reconvert.
[DEBUG] Installing Data: \phpbb\db\migration\data\v310\notification_options_reconvert; Time: 0.03 seconds
[DEBUG] Apply dependencies of \phpbb\db\migration\data\v31x\profilefield_remove_underscore_from_alpha.
[DEBUG] Apply dependencies of \phpbb\db\migration\data\v31x\v311.
[DEBUG] Apply dependencies of \phpbb\db\migration\data\v310\gold.
[DEBUG] Apply dependencies of \phpbb\db\migration\data\v310\rc6.
[DEBUG] Apply dependencies of \phpbb\db\migration\data\v310\rc5.
[DEBUG] Apply dependencies of \phpbb\db\migration\data\v310\rc4.
[DEBUG] Apply dependencies of \phpbb\db\migration\data\v310\rc3.
[DEBUG] Apply dependencies of \phpbb\db\migration\data\v310\rc2.
[DEBUG] Apply dependencies of \phpbb\db\migration\data\v310\rc1.
[DEBUG] Apply dependencies of \phpbb\db\migration\data\v310\beta4.
[DEBUG] Apply dependencies of \phpbb\db\migration\data\v310\beta3.
[DEBUG] Apply dependencies of \phpbb\db\migration\data\v310\beta2.
[DEBUG] Apply dependencies of \phpbb\db\migration\data\v310\beta1.
[DEBUG] Apply dependencies of \phpbb\db\migration\data\v310\alpha3.
[DEBUG] Apply dependencies of \phpbb\db\migration\data\v310\alpha2.
[DEBUG] Apply dependencies of \phpbb\db\migration\data\v310\alpha1.
[DEBUG] Apply dependencies of \phpbb\db\migration\data\v310\notification_options_reconvert.
[DEBUG] Installing Data: \phpbb\db\migration\data\v310\notification_options_reconvert.
[DEBUG] Installing Data: \phpbb\db\migration\data\v310\notification_options_reconvert; Time: 0.02 seconds
[DEBUG] Apply dependencies of \phpbb\db\migration\data\v31x\profilefield_remove_underscore_from_alpha.
[DEBUG] Apply dependencies of \phpbb\db\migration\data\v31x\v311.
[DEBUG] Apply dependencies of \phpbb\db\migration\data\v310\gold.
[DEBUG] Apply dependencies of \phpbb\db\migration\data\v310\rc6.
[DEBUG] Apply dependencies of \phpbb\db\migration\data\v310\rc5.
[DEBUG] Apply dependencies of \phpbb\db\migration\data\v310\rc4.
[DEBUG] Apply dependencies of \phpbb\db\migration\data\v310\rc3.
[DEBUG] Apply dependencies of \phpbb\db\migration\data\v310\rc2.
[DEBUG] Apply dependencies of \phpbb\db\migration\data\v310\rc1.
[DEBUG] Apply dependencies of \phpbb\db\migration\data\v310\beta4.
[DEBUG] Apply dependencies of \phpbb\db\migration\data\v310\beta3.
[DEBUG] Apply dependencies of \phpbb\db\migration\data\v310\beta2.
[DEBUG] Apply dependencies of \phpbb\db\migration\data\v310\beta1.
[DEBUG] Apply dependencies of \phpbb\db\migration\data\v310\alpha3.
[DEBUG] Apply dependencies of \phpbb\db\migration\data\v310\alpha2.
[DEBUG] Apply dependencies of \phpbb\db\migration\data\v310\alpha1.
[DEBUG] Apply dependencies of \phpbb\db\migration\data\v310\notification_options_reconvert.
[DEBUG] Installing Data: \phpbb\db\migration\data\v310\notification_options_reconvert.
[DEBUG] Installing Data: \phpbb\db\migration\data\v310\notification_options_reconvert; Time: 0.03 seconds
[DEBUG] Apply dependencies of \phpbb\db\migration\data\v31x\profilefield_remove_underscore_from_alpha.
[DEBUG] Apply dependencies of \phpbb\db\migration\data\v31x\v311.
[DEBUG] Apply dependencies of \phpbb\db\migration\data\v310\gold.
[DEBUG] Apply dependencies of \phpbb\db\migration\data\v310\rc6.
[DEBUG] Apply dependencies of \phpbb\db\migration\data\v310\rc5.
[DEBUG] Apply dependencies of \phpbb\db\migration\data\v310\rc4.
[DEBUG] Apply dependencies of \phpbb\db\migration\data\v310\rc3.
[DEBUG] Apply dependencies of \phpbb\db\migration\data\v310\rc2.
[DEBUG] Apply dependencies of \phpbb\db\migration\data\v310\rc1.
[DEBUG] Apply dependencies of \phpbb\db\migration\data\v310\beta4.
[DEBUG] Apply dependencies of \phpbb\db\migration\data\v310\beta3.
[DEBUG] Apply dependencies of \phpbb\db\migration\data\v310\beta2.
[DEBUG] Apply dependencies of \phpbb\db\migration\data\v310\beta1.
[DEBUG] Apply dependencies of \phpbb\db\migration\data\v310\alpha3.
[DEBUG] Apply dependencies of \phpbb\db\migration\data\v310\alpha2.
[DEBUG] Apply dependencies of \phpbb\db\migration\data\v310\alpha1.
[DEBUG] Apply dependencies of \phpbb\db\migration\data\v310\notification_options_reconvert.
[DEBUG] Installing Data: \phpbb\db\migration\data\v310\notification_options_reconvert.
[DEBUG] Installing Data: \phpbb\db\migration\data\v310\notification_options_reconvert; Time: 0.03 seconds
[DEBUG] Apply dependencies of \phpbb\db\migration\data\v31x\profilefield_remove_underscore_from_alpha.
[DEBUG] Apply dependencies of \phpbb\db\migration\data\v31x\v311.
[DEBUG] Apply dependencies of \phpbb\db\migration\data\v310\gold.
[DEBUG] Apply dependencies of \phpbb\db\migration\data\v310\rc6.
[DEBUG] Apply dependencies of \phpbb\db\migration\data\v310\rc5.
[DEBUG] Apply dependencies of \phpbb\db\migration\data\v310\rc4.
[DEBUG] Apply dependencies of \phpbb\db\migration\data\v310\rc3.
[DEBUG] Apply dependencies of \phpbb\db\migration\data\v310\rc2.
[DEBUG] Apply dependencies of \phpbb\db\migration\data\v310\rc1.
[DEBUG] Apply dependencies of \phpbb\db\migration\data\v310\beta4.
[DEBUG] Apply dependencies of \phpbb\db\migration\data\v310\beta3.
[DEBUG] Apply dependencies of \phpbb\db\migration\data\v310\beta2.
[DEBUG] Apply dependencies of \phpbb\db\migration\data\v310\beta1.
[DEBUG] Apply dependencies of \phpbb\db\migration\data\v310\alpha3.
[DEBUG] Apply dependencies of \phpbb\db\migration\data\v310\alpha2.
[DEBUG] Apply dependencies of \phpbb\db\migration\data\v310\alpha1.
[DEBUG] Apply dependencies of \phpbb\db\migration\data\v310\notification_options_reconvert.
[DEBUG] Installing Data: \phpbb\db\migration\data\v310\notification_options_reconvert.
[DEBUG] Installing Data: \phpbb\db\migration\data\v310\notification_options_reconvert; Time: 0.03 seconds
[DEBUG] Apply dependencies of \phpbb\db\migration\data\v31x\profilefield_remove_underscore_from_alpha.
[DEBUG] Apply dependencies of \phpbb\db\migration\data\v31x\v311.
[DEBUG] Apply dependencies of \phpbb\db\migration\data\v310\gold.
[DEBUG] Apply dependencies of \phpbb\db\migration\data\v310\rc6.
[DEBUG] Apply dependencies of \phpbb\db\migration\data\v310\rc5.
[DEBUG] Apply dependencies of \phpbb\db\migration\data\v310\rc4.
[DEBUG] Apply dependencies of \phpbb\db\migration\data\v310\rc3.
[DEBUG] Apply dependencies of \phpbb\db\migration\data\v310\rc2.
[DEBUG] Apply dependencies of \phpbb\db\migration\data\v310\rc1.
[DEBUG] Apply dependencies of \phpbb\db\migration\data\v310\beta4.
[DEBUG] Apply dependencies of \phpbb\db\migration\data\v310\beta3.
[DEBUG] Apply dependencies of \phpbb\db\migration\data\v310\beta2.
[DEBUG] Apply dependencies of \phpbb\db\migration\data\v310\beta1.
[DEBUG] Apply dependencies of \phpbb\db\migration\data\v310\alpha3.
[DEBUG] Apply dependencies of \phpbb\db\migration\data\v310\alpha2.
[DEBUG] Apply dependencies of \phpbb\db\migration\data\v310\alpha1.
[DEBUG] Apply dependencies of \phpbb\db\migration\data\v310\notification_options_reconvert.
[DEBUG] Installing Data: \phpbb\db\migration\data\v310\notification_options_reconvert.
[DEBUG] Installing Data: \phpbb\db\migration\data\v310\notification_options_reconvert; Time: 0.03 seconds
[DEBUG] Apply dependencies of \phpbb\db\migration\data\v31x\profilefield_remove_underscore_from_alpha.
[DEBUG] Apply dependencies of \phpbb\db\migration\data\v31x\v311.
[DEBUG] Apply dependencies of \phpbb\db\migration\data\v310\gold.
[DEBUG] Apply dependencies of \phpbb\db\migration\data\v310\rc6.
[DEBUG] Apply dependencies of \phpbb\db\migration\data\v310\rc5.
[DEBUG] Apply dependencies of \phpbb\db\migration\data\v310\rc4.
[DEBUG] Apply dependencies of \phpbb\db\migration\data\v310\rc3.
[DEBUG] Apply dependencies of \phpbb\db\migration\data\v310\rc2.
[DEBUG] Apply dependencies of \phpbb\db\migration\data\v310\rc1.
[DEBUG] Apply dependencies of \phpbb\db\migration\data\v310\beta4.
[DEBUG] Apply dependencies of \phpbb\db\migration\data\v310\beta3.
[DEBUG] Apply dependencies of \phpbb\db\migration\data\v310\beta2.
[DEBUG] Apply dependencies of \phpbb\db\migration\data\v310\beta1.
[DEBUG] Apply dependencies of \phpbb\db\migration\data\v310\alpha3.
[DEBUG] Apply dependencies of \phpbb\db\migration\data\v310\alpha2.
[DEBUG] Apply dependencies of \phpbb\db\migration\data\v310\alpha1.
[DEBUG] Apply dependencies of \phpbb\db\migration\data\v310\notification_options_reconvert.
[DEBUG] Installing Data: \phpbb\db\migration\data\v310\notification_options_reconvert.
[DEBUG] Installing Data: \phpbb\db\migration\data\v310\notification_options_reconvert; Time: 0.03 seconds
[DEBUG] Apply dependencies of \phpbb\db\migration\data\v31x\profilefield_remove_underscore_from_alpha.
[DEBUG] Apply dependencies of \phpbb\db\migration\data\v31x\v311.
[DEBUG] Apply dependencies of \phpbb\db\migration\data\v310\gold.
[DEBUG] Apply dependencies of \phpbb\db\migration\data\v310\rc6.
[DEBUG] Apply dependencies of \phpbb\db\migration\data\v310\rc5.
[DEBUG] Apply dependencies of \phpbb\db\migration\data\v310\rc4.
[DEBUG] Apply dependencies of \phpbb\db\migration\data\v310\rc3.
[DEBUG] Apply dependencies of \phpbb\db\migration\data\v310\rc2.
[DEBUG] Apply dependencies of \phpbb\db\migration\data\v310\rc1.
[DEBUG] Apply dependencies of \phpbb\db\migration\data\v310\beta4.
[DEBUG] Apply dependencies of \phpbb\db\migration\data\v310\beta3.
[DEBUG] Apply dependencies of \phpbb\db\migration\data\v310\beta2.
[DEBUG] Apply dependencies of \phpbb\db\migration\data\v310\beta1.
[DEBUG] Apply dependencies of \phpbb\db\migration\data\v310\alpha3.
[DEBUG] Apply dependencies of \phpbb\db\migration\data\v310\alpha2.
[DEBUG] Apply dependencies of \phpbb\db\migration\data\v310\alpha1.
[DEBUG] Apply dependencies of \phpbb\db\migration\data\v310\notification_options_reconvert.
[DEBUG] Installing Data: \phpbb\db\migration\data\v310\notification_options_reconvert.
[DEBUG] Installing Data: \phpbb\db\migration\data\v310\notification_options_reconvert; Time: 0.03 seconds
[DEBUG] Apply dependencies of \phpbb\db\migration\data\v31x\profilefield_remove_underscore_from_alpha.
[DEBUG] Apply dependencies of \phpbb\db\migration\data\v31x\v311.
[DEBUG] Apply dependencies of \phpbb\db\migration\data\v310\gold.
[DEBUG] Apply dependencies of \phpbb\db\migration\data\v310\rc6.
[DEBUG] Apply dependencies of \phpbb\db\migration\data\v310\rc5.
[DEBUG] Apply dependencies of \phpbb\db\migration\data\v310\rc4.
[DEBUG] Apply dependencies of \phpbb\db\migration\data\v310\rc3.
[DEBUG] Apply dependencies of \phpbb\db\migration\data\v310\rc2.
[DEBUG] Apply dependencies of \phpbb\db\migration\data\v310\rc1.
[DEBUG] Apply dependencies of \phpbb\db\migration\data\v310\beta4.
[DEBUG] Apply dependencies of \phpbb\db\migration\data\v310\beta3.
[DEBUG] Apply dependencies of \phpbb\db\migration\data\v310\beta2.
[DEBUG] Apply dependencies of \phpbb\db\migration\data\v310\beta1.
[DEBUG] Apply dependencies of \phpbb\db\migration\data\v310\alpha3.
[DEBUG] Apply dependencies of \phpbb\db\migration\data\v310\alpha2.
[DEBUG] Apply dependencies of \phpbb\db\migration\data\v310\alpha1.
[DEBUG] Apply dependencies of \phpbb\db\migration\data\v310\notification_options_reconvert.
[DEBUG] Installing Data: \phpbb\db\migration\data\v310\notification_options_reconvert.
[DEBUG] Installing Data: \phpbb\db\migration\data\v310\notification_options_reconvert; Time: 0.03 seconds
[DEBUG] Apply dependencies of \phpbb\db\migration\data\v31x\profilefield_remove_underscore_from_alpha.
[DEBUG] Apply dependencies of \phpbb\db\migration\data\v31x\v311.
[DEBUG] Apply dependencies of \phpbb\db\migration\data\v310\gold.
[DEBUG] Apply dependencies of \phpbb\db\migration\data\v310\rc6.
[DEBUG] Apply dependencies of \phpbb\db\migration\data\v310\rc5.
[DEBUG] Apply dependencies of \phpbb\db\migration\data\v310\rc4.
[DEBUG] Apply dependencies of \phpbb\db\migration\data\v310\rc3.
[DEBUG] Apply dependencies of \phpbb\db\migration\data\v310\rc2.
[DEBUG] Apply dependencies of \phpbb\db\migration\data\v310\rc1.
[DEBUG] Apply dependencies of \phpbb\db\migration\data\v310\beta4.
[DEBUG] Apply dependencies of \phpbb\db\migration\data\v310\beta3.
[DEBUG] Apply dependencies of \phpbb\db\migration\data\v310\beta2.
[DEBUG] Apply dependencies of \phpbb\db\migration\data\v310\beta1.
[DEBUG] Apply dependencies of \phpbb\db\migration\data\v310\alpha3.
[DEBUG] Apply dependencies of \phpbb\db\migration\data\v310\alpha2.
[DEBUG] Apply dependencies of \phpbb\db\migration\data\v310\alpha1.
[DEBUG] Apply dependencies of \phpbb\db\migration\data\v310\notification_options_reconvert.
[DEBUG] Installing Data: \phpbb\db\migration\data\v310\notification_options_reconvert.
[DEBUG] Installing Data: \phpbb\db\migration\data\v310\notification_options_reconvert; Time: 0.03 seconds
[DEBUG] Apply dependencies of \phpbb\db\migration\data\v31x\profilefield_remove_underscore_from_alpha.
[DEBUG] Apply dependencies of \phpbb\db\migration\data\v31x\v311.
[DEBUG] Apply dependencies of \phpbb\db\migration\data\v310\gold.
[DEBUG] Apply dependencies of \phpbb\db\migration\data\v310\rc6.
[DEBUG] Apply dependencies of \phpbb\db\migration\data\v310\rc5.
[DEBUG] Apply dependencies of \phpbb\db\migration\data\v310\rc4.
[DEBUG] Apply dependencies of \phpbb\db\migration\data\v310\rc3.
[DEBUG] Apply dependencies of \phpbb\db\migration\data\v310\rc2.
[DEBUG] Apply dependencies of \phpbb\db\migration\data\v310\rc1.
[DEBUG] Apply dependencies of \phpbb\db\migration\data\v310\beta4.
[DEBUG] Apply dependencies of \phpbb\db\migration\data\v310\beta3.
[DEBUG] Apply dependencies of \phpbb\db\migration\data\v310\beta2.
[DEBUG] Apply dependencies of \phpbb\db\migration\data\v310\beta1.
[DEBUG] Apply dependencies of \phpbb\db\migration\data\v310\alpha3.
[DEBUG] Apply dependencies of \phpbb\db\migration\data\v310\alpha2.
[DEBUG] Apply dependencies of \phpbb\db\migration\data\v310\alpha1.
[DEBUG] Apply dependencies of \phpbb\db\migration\data\v310\notification_options_reconvert.
[DEBUG] Installing Data: \phpbb\db\migration\data\v310\notification_options_reconvert.
[DEBUG] Installing Data: \phpbb\db\migration\data\v310\notification_options_reconvert; Time: 0.03 seconds
[DEBUG] Apply dependencies of \phpbb\db\migration\data\v31x\profilefield_remove_underscore_from_alpha.
[DEBUG] Apply dependencies of \phpbb\db\migration\data\v31x\v311.
[DEBUG] Apply dependencies of \phpbb\db\migration\data\v310\gold.
[DEBUG] Apply dependencies of \phpbb\db\migration\data\v310\rc6.
[DEBUG] Apply dependencies of \phpbb\db\migration\data\v310\rc5.
[DEBUG] Apply dependencies of \phpbb\db\migration\data\v310\rc4.
[DEBUG] Apply dependencies of \phpbb\db\migration\data\v310\rc3.
[DEBUG] Apply dependencies of \phpbb\db\migration\data\v310\rc2.
[DEBUG] Apply dependencies of \phpbb\db\migration\data\v310\rc1.
[DEBUG] Apply dependencies of \phpbb\db\migration\data\v310\beta4.
[DEBUG] Apply dependencies of \phpbb\db\migration\data\v310\beta3.
[DEBUG] Apply dependencies of \phpbb\db\migration\data\v310\beta2.
[DEBUG] Apply dependencies of \phpbb\db\migration\data\v310\beta1.
[DEBUG] Apply dependencies of \phpbb\db\migration\data\v310\alpha3.
[DEBUG] Apply dependencies of \phpbb\db\migration\data\v310\alpha2.
[DEBUG] Apply dependencies of \phpbb\db\migration\data\v310\alpha1.
[DEBUG] Apply dependencies of \phpbb\db\migration\data\v310\notification_options_reconvert.
[DEBUG] Installing Data: \phpbb\db\migration\data\v310\notification_options_reconvert.
[INFO] Installed Data: \phpbb\db\migration\data\v310\notification_options_reconvert; Time: 0.79 seconds
[DEBUG] Apply dependencies of \phpbb\db\migration\data\v31x\profilefield_remove_underscore_from_alpha.
[DEBUG] Apply dependencies of \phpbb\db\migration\data\v31x\v311.
[DEBUG] Apply dependencies of \phpbb\db\migration\data\v310\gold.
[DEBUG] Apply dependencies of \phpbb\db\migration\data\v310\rc6.
[DEBUG] Apply dependencies of \phpbb\db\migration\data\v310\rc5.
[DEBUG] Apply dependencies of \phpbb\db\migration\data\v310\rc4.
[DEBUG] Apply dependencies of \phpbb\db\migration\data\v310\rc3.
[DEBUG] Apply dependencies of \phpbb\db\migration\data\v310\rc2.
[DEBUG] Apply dependencies of \phpbb\db\migration\data\v310\rc1.
[DEBUG] Apply dependencies of \phpbb\db\migration\data\v310\beta4.
[DEBUG] Apply dependencies of \phpbb\db\migration\data\v310\beta3.
[DEBUG] Apply dependencies of \phpbb\db\migration\data\v310\beta2.
[DEBUG] Apply dependencies of \phpbb\db\migration\data\v310\beta1.
[DEBUG] Apply dependencies of \phpbb\db\migration\data\v310\alpha3.
[DEBUG] Apply dependencies of \phpbb\db\migration\data\v310\alpha2.
[DEBUG] Apply dependencies of \phpbb\db\migration\data\v310\alpha1.
[DEBUG] Apply dependencies of \phpbb\db\migration\data\v310\plupload.
[DEBUG] Installing Schema: \phpbb\db\migration\data\v310\plupload.
[INFO] Installed Schema: \phpbb\db\migration\data\v310\plupload; Time: 0.00 seconds
[DEBUG] Apply dependencies of \phpbb\db\migration\data\v31x\profilefield_remove_underscore_from_alpha.
[DEBUG] Apply dependencies of \phpbb\db\migration\data\v31x\v311.
[DEBUG] Apply dependencies of \phpbb\db\migration\data\v310\gold.
[DEBUG] Apply dependencies of \phpbb\db\migration\data\v310\rc6.
[DEBUG] Apply dependencies of \phpbb\db\migration\data\v310\rc5.
[DEBUG] Apply dependencies of \phpbb\db\migration\data\v310\rc4.
[DEBUG] Apply dependencies of \phpbb\db\migration\data\v310\rc3.
[DEBUG] Apply dependencies of \phpbb\db\migration\data\v310\rc2.
[DEBUG] Apply dependencies of \phpbb\db\migration\data\v310\rc1.
[DEBUG] Apply dependencies of \phpbb\db\migration\data\v310\beta4.
[DEBUG] Apply dependencies of \phpbb\db\migration\data\v310\beta3.
[DEBUG] Apply dependencies of \phpbb\db\migration\data\v310\beta2.
[DEBUG] Apply dependencies of \phpbb\db\migration\data\v310\beta1.
[DEBUG] Apply dependencies of \phpbb\db\migration\data\v310\alpha3.
[DEBUG] Apply dependencies of \phpbb\db\migration\data\v310\alpha2.
[DEBUG] Apply dependencies of \phpbb\db\migration\data\v310\alpha1.
[DEBUG] Apply dependencies of \phpbb\db\migration\data\v310\plupload.
[DEBUG] Installing Data: \phpbb\db\migration\data\v310\plupload.
[DEBUG] Installing Data: \phpbb\db\migration\data\v310\plupload; Time: 0.00 seconds
[DEBUG] Apply dependencies of \phpbb\db\migration\data\v31x\profilefield_remove_underscore_from_alpha.
[DEBUG] Apply dependencies of \phpbb\db\migration\data\v31x\v311.
[DEBUG] Apply dependencies of \phpbb\db\migration\data\v310\gold.
[DEBUG] Apply dependencies of \phpbb\db\migration\data\v310\rc6.
[DEBUG] Apply dependencies of \phpbb\db\migration\data\v310\rc5.
[DEBUG] Apply dependencies of \phpbb\db\migration\data\v310\rc4.
[DEBUG] Apply dependencies of \phpbb\db\migration\data\v310\rc3.
[DEBUG] Apply dependencies of \phpbb\db\migration\data\v310\rc2.
[DEBUG] Apply dependencies of \phpbb\db\migration\data\v310\rc1.
[DEBUG] Apply dependencies of \phpbb\db\migration\data\v310\beta4.
[DEBUG] Apply dependencies of \phpbb\db\migration\data\v310\beta3.
[DEBUG] Apply dependencies of \phpbb\db\migration\data\v310\beta2.
[DEBUG] Apply dependencies of \phpbb\db\migration\data\v310\beta1.
[DEBUG] Apply dependencies of \phpbb\db\migration\data\v310\alpha3.
[DEBUG] Apply dependencies of \phpbb\db\migration\data\v310\alpha2.
[DEBUG] Apply dependencies of \phpbb\db\migration\data\v310\alpha1.
[DEBUG] Apply dependencies of \phpbb\db\migration\data\v310\plupload.
[DEBUG] Installing Data: \phpbb\db\migration\data\v310\plupload.
[INFO] Installed Data: \phpbb\db\migration\data\v310\plupload; Time: 0.00 seconds
[DEBUG] Apply dependencies of \phpbb\db\migration\data\v31x\profilefield_remove_underscore_from_alpha.
[DEBUG] Apply dependencies of \phpbb\db\migration\data\v31x\v311.
[DEBUG] Apply dependencies of \phpbb\db\migration\data\v310\gold.
[DEBUG] Apply dependencies of \phpbb\db\migration\data\v310\rc6.
[DEBUG] Apply dependencies of \phpbb\db\migration\data\v310\rc5.
[DEBUG] Apply dependencies of \phpbb\db\migration\data\v310\rc4.
[DEBUG] Apply dependencies of \phpbb\db\migration\data\v310\rc3.
[DEBUG] Apply dependencies of \phpbb\db\migration\data\v310\rc2.
[DEBUG] Apply dependencies of \phpbb\db\migration\data\v310\rc1.
[DEBUG] Apply dependencies of \phpbb\db\migration\data\v310\beta4.
[DEBUG] Apply dependencies of \phpbb\db\migration\data\v310\beta3.
[DEBUG] Apply dependencies of \phpbb\db\migration\data\v310\beta2.
[DEBUG] Apply dependencies of \phpbb\db\migration\data\v310\beta1.
[DEBUG] Apply dependencies of \phpbb\db\migration\data\v310\alpha3.
[DEBUG] Apply dependencies of \phpbb\db\migration\data\v310\alpha2.
[DEBUG] Apply dependencies of \phpbb\db\migration\data\v310\alpha1.
[DEBUG] Apply dependencies of \phpbb\db\migration\data\v310\signature_module_auth.
[DEBUG] Migration already effectively installed (skipped): \phpbb\db\migration\data\v310\signature_module_auth
[DEBUG] Apply dependencies of \phpbb\db\migration\data\v31x\profilefield_remove_underscore_from_alpha.
[DEBUG] Apply dependencies of \phpbb\db\migration\data\v31x\v311.
[DEBUG] Apply dependencies of \phpbb\db\migration\data\v310\gold.
[DEBUG] Apply dependencies of \phpbb\db\migration\data\v310\rc6.
[DEBUG] Apply dependencies of \phpbb\db\migration\data\v310\rc5.
[DEBUG] Apply dependencies of \phpbb\db\migration\data\v310\rc4.
[DEBUG] Apply dependencies of \phpbb\db\migration\data\v310\rc3.
[DEBUG] Apply dependencies of \phpbb\db\migration\data\v310\rc2.
[DEBUG] Apply dependencies of \phpbb\db\migration\data\v310\rc1.
[DEBUG] Apply dependencies of \phpbb\db\migration\data\v310\beta4.
[DEBUG] Apply dependencies of \phpbb\db\migration\data\v310\beta3.
[DEBUG] Apply dependencies of \phpbb\db\migration\data\v310\beta2.
[DEBUG] Apply dependencies of \phpbb\db\migration\data\v310\beta1.
[DEBUG] Apply dependencies of \phpbb\db\migration\data\v310\alpha3.
[DEBUG] Apply dependencies of \phpbb\db\migration\data\v310\alpha2.
[DEBUG] Apply dependencies of \phpbb\db\migration\data\v310\alpha1.
[DEBUG] Apply dependencies of \phpbb\db\migration\data\v310\softdelete_mcp_modules.
[DEBUG] Apply dependencies of \phpbb\db\migration\data\v310\softdelete_p2.
[DEBUG] Apply dependencies of \phpbb\db\migration\data\v310\softdelete_p1.
[DEBUG] Installing Schema: \phpbb\db\migration\data\v310\softdelete_p1.
[DEBUG] Installing Schema: \phpbb\db\migration\data\v310\softdelete_p1; Time: 0.00 seconds
[DEBUG] Apply dependencies of \phpbb\db\migration\data\v31x\profilefield_remove_underscore_from_alpha.
[DEBUG] Apply dependencies of \phpbb\db\migration\data\v31x\v311.
[DEBUG] Apply dependencies of \phpbb\db\migration\data\v310\gold.
[DEBUG] Apply dependencies of \phpbb\db\migration\data\v310\rc6.
[DEBUG] Apply dependencies of \phpbb\db\migration\data\v310\rc5.
[DEBUG] Apply dependencies of \phpbb\db\migration\data\v310\rc4.
[DEBUG] Apply dependencies of \phpbb\db\migration\data\v310\rc3.
[DEBUG] Apply dependencies of \phpbb\db\migration\data\v310\rc2.
[DEBUG] Apply dependencies of \phpbb\db\migration\data\v310\rc1.
[DEBUG] Apply dependencies of \phpbb\db\migration\data\v310\beta4.
[DEBUG] Apply dependencies of \phpbb\db\migration\data\v310\beta3.
[DEBUG] Apply dependencies of \phpbb\db\migration\data\v310\beta2.
[DEBUG] Apply dependencies of \phpbb\db\migration\data\v310\beta1.
[DEBUG] Apply dependencies of \phpbb\db\migration\data\v310\alpha3.
[DEBUG] Apply dependencies of \phpbb\db\migration\data\v310\alpha2.
[DEBUG] Apply dependencies of \phpbb\db\migration\data\v310\alpha1.
[DEBUG] Apply dependencies of \phpbb\db\migration\data\v310\softdelete_mcp_modules.
[DEBUG] Apply dependencies of \phpbb\db\migration\data\v310\softdelete_p2.
[DEBUG] Apply dependencies of \phpbb\db\migration\data\v310\softdelete_p1.
[DEBUG] Installing Schema: \phpbb\db\migration\data\v310\softdelete_p1.
[DEBUG] Installing Schema: \phpbb\db\migration\data\v310\softdelete_p1; Time: 0.00 seconds
[DEBUG] Apply dependencies of \phpbb\db\migration\data\v31x\profilefield_remove_underscore_from_alpha.
[DEBUG] Apply dependencies of \phpbb\db\migration\data\v31x\v311.
[DEBUG] Apply dependencies of \phpbb\db\migration\data\v310\gold.
[DEBUG] Apply dependencies of \phpbb\db\migration\data\v310\rc6.
[DEBUG] Apply dependencies of \phpbb\db\migration\data\v310\rc5.
[DEBUG] Apply dependencies of \phpbb\db\migration\data\v310\rc4.
[DEBUG] Apply dependencies of \phpbb\db\migration\data\v310\rc3.
[DEBUG] Apply dependencies of \phpbb\db\migration\data\v310\rc2.
[DEBUG] Apply dependencies of \phpbb\db\migration\data\v310\rc1.
[DEBUG] Apply dependencies of \phpbb\db\migration\data\v310\beta4.
[DEBUG] Apply dependencies of \phpbb\db\migration\data\v310\beta3.
[DEBUG] Apply dependencies of \phpbb\db\migration\data\v310\beta2.
[DEBUG] Apply dependencies of \phpbb\db\migration\data\v310\beta1.
[DEBUG] Apply dependencies of \phpbb\db\migration\data\v310\alpha3.
[DEBUG] Apply dependencies of \phpbb\db\migration\data\v310\alpha2.
[DEBUG] Apply dependencies of \phpbb\db\migration\data\v310\alpha1.
[DEBUG] Apply dependencies of \phpbb\db\migration\data\v310\softdelete_mcp_modules.
[DEBUG] Apply dependencies of \phpbb\db\migration\data\v310\softdelete_p2.
[DEBUG] Apply dependencies of \phpbb\db\migration\data\v310\softdelete_p1.
[DEBUG] Installing Schema: \phpbb\db\migration\data\v310\softdelete_p1.
[DEBUG] Installing Schema: \phpbb\db\migration\data\v310\softdelete_p1; Time: 0.00 seconds
[DEBUG] Apply dependencies of \phpbb\db\migration\data\v31x\profilefield_remove_underscore_from_alpha.
[DEBUG] Apply dependencies of \phpbb\db\migration\data\v31x\v311.
[DEBUG] Apply dependencies of \phpbb\db\migration\data\v310\gold.
[DEBUG] Apply dependencies of \phpbb\db\migration\data\v310\rc6.
[DEBUG] Apply dependencies of \phpbb\db\migration\data\v310\rc5.
[DEBUG] Apply dependencies of \phpbb\db\migration\data\v310\rc4.
[DEBUG] Apply dependencies of \phpbb\db\migration\data\v310\rc3.
[DEBUG] Apply dependencies of \phpbb\db\migration\data\v310\rc2.
[DEBUG] Apply dependencies of \phpbb\db\migration\data\v310\rc1.
[DEBUG] Apply dependencies of \phpbb\db\migration\data\v310\beta4.
[DEBUG] Apply dependencies of \phpbb\db\migration\data\v310\beta3.
[DEBUG] Apply dependencies of \phpbb\db\migration\data\v310\beta2.
[DEBUG] Apply dependencies of \phpbb\db\migration\data\v310\beta1.
[DEBUG] Apply dependencies of \phpbb\db\migration\data\v310\alpha3.
[DEBUG] Apply dependencies of \phpbb\db\migration\data\v310\alpha2.
[DEBUG] Apply dependencies of \phpbb\db\migration\data\v310\alpha1.
[DEBUG] Apply dependencies of \phpbb\db\migration\data\v310\softdelete_mcp_modules.
[DEBUG] Apply dependencies of \phpbb\db\migration\data\v310\softdelete_p2.
[DEBUG] Apply dependencies of \phpbb\db\migration\data\v310\softdelete_p1.
[DEBUG] Installing Schema: \phpbb\db\migration\data\v310\softdelete_p1.
[DEBUG] Installing Schema: \phpbb\db\migration\data\v310\softdelete_p1; Time: 0.00 seconds
[DEBUG] Apply dependencies of \phpbb\db\migration\data\v31x\profilefield_remove_underscore_from_alpha.
[DEBUG] Apply dependencies of \phpbb\db\migration\data\v31x\v311.
[DEBUG] Apply dependencies of \phpbb\db\migration\data\v310\gold.
[DEBUG] Apply dependencies of \phpbb\db\migration\data\v310\rc6.
[DEBUG] Apply dependencies of \phpbb\db\migration\data\v310\rc5.
[DEBUG] Apply dependencies of \phpbb\db\migration\data\v310\rc4.
[DEBUG] Apply dependencies of \phpbb\db\migration\data\v310\rc3.
[DEBUG] Apply dependencies of \phpbb\db\migration\data\v310\rc2.
[DEBUG] Apply dependencies of \phpbb\db\migration\data\v310\rc1.
[DEBUG] Apply dependencies of \phpbb\db\migration\data\v310\beta4.
[DEBUG] Apply dependencies of \phpbb\db\migration\data\v310\beta3.
[DEBUG] Apply dependencies of \phpbb\db\migration\data\v310\beta2.
[DEBUG] Apply dependencies of \phpbb\db\migration\data\v310\beta1.
[DEBUG] Apply dependencies of \phpbb\db\migration\data\v310\alpha3.
[DEBUG] Apply dependencies of \phpbb\db\migration\data\v310\alpha2.
[DEBUG] Apply dependencies of \phpbb\db\migration\data\v310\alpha1.
[DEBUG] Apply dependencies of \phpbb\db\migration\data\v310\softdelete_mcp_modules.
[DEBUG] Apply dependencies of \phpbb\db\migration\data\v310\softdelete_p2.
[DEBUG] Apply dependencies of \phpbb\db\migration\data\v310\softdelete_p1.
[DEBUG] Installing Schema: \phpbb\db\migration\data\v310\softdelete_p1.
[DEBUG] Installing Schema: \phpbb\db\migration\data\v310\softdelete_p1; Time: 0.00 seconds
[DEBUG] Apply dependencies of \phpbb\db\migration\data\v31x\profilefield_remove_underscore_from_alpha.
[DEBUG] Apply dependencies of \phpbb\db\migration\data\v31x\v311.
[DEBUG] Apply dependencies of \phpbb\db\migration\data\v310\gold.
[DEBUG] Apply dependencies of \phpbb\db\migration\data\v310\rc6.
[DEBUG] Apply dependencies of \phpbb\db\migration\data\v310\rc5.
[DEBUG] Apply dependencies of \phpbb\db\migration\data\v310\rc4.
[DEBUG] Apply dependencies of \phpbb\db\migration\data\v310\rc3.
[DEBUG] Apply dependencies of \phpbb\db\migration\data\v310\rc2.
[DEBUG] Apply dependencies of \phpbb\db\migration\data\v310\rc1.
[DEBUG] Apply dependencies of \phpbb\db\migration\data\v310\beta4.
[DEBUG] Apply dependencies of \phpbb\db\migration\data\v310\beta3.
[DEBUG] Apply dependencies of \phpbb\db\migration\data\v310\beta2.
[DEBUG] Apply dependencies of \phpbb\db\migration\data\v310\beta1.
[DEBUG] Apply dependencies of \phpbb\db\migration\data\v310\alpha3.
[DEBUG] Apply dependencies of \phpbb\db\migration\data\v310\alpha2.
[DEBUG] Apply dependencies of \phpbb\db\migration\data\v310\alpha1.
[DEBUG] Apply dependencies of \phpbb\db\migration\data\v310\softdelete_mcp_modules.
[DEBUG] Apply dependencies of \phpbb\db\migration\data\v310\softdelete_p2.
[DEBUG] Apply dependencies of \phpbb\db\migration\data\v310\softdelete_p1.
[DEBUG] Installing Schema: \phpbb\db\migration\data\v310\softdelete_p1.
[DEBUG] Installing Schema: \phpbb\db\migration\data\v310\softdelete_p1; Time: 0.00 seconds
[DEBUG] Apply dependencies of \phpbb\db\migration\data\v31x\profilefield_remove_underscore_from_alpha.
[DEBUG] Apply dependencies of \phpbb\db\migration\data\v31x\v311.
[DEBUG] Apply dependencies of \phpbb\db\migration\data\v310\gold.
[DEBUG] Apply dependencies of \phpbb\db\migration\data\v310\rc6.
[DEBUG] Apply dependencies of \phpbb\db\migration\data\v310\rc5.
[DEBUG] Apply dependencies of \phpbb\db\migration\data\v310\rc4.
[DEBUG] Apply dependencies of \phpbb\db\migration\data\v310\rc3.
[DEBUG] Apply dependencies of \phpbb\db\migration\data\v310\rc2.
[DEBUG] Apply dependencies of \phpbb\db\migration\data\v310\rc1.
[DEBUG] Apply dependencies of \phpbb\db\migration\data\v310\beta4.
[DEBUG] Apply dependencies of \phpbb\db\migration\data\v310\beta3.
[DEBUG] Apply dependencies of \phpbb\db\migration\data\v310\beta2.
[DEBUG] Apply dependencies of \phpbb\db\migration\data\v310\beta1.
[DEBUG] Apply dependencies of \phpbb\db\migration\data\v310\alpha3.
[DEBUG] Apply dependencies of \phpbb\db\migration\data\v310\alpha2.
[DEBUG] Apply dependencies of \phpbb\db\migration\data\v310\alpha1.
[DEBUG] Apply dependencies of \phpbb\db\migration\data\v310\softdelete_mcp_modules.
[DEBUG] Apply dependencies of \phpbb\db\migration\data\v310\softdelete_p2.
[DEBUG] Apply dependencies of \phpbb\db\migration\data\v310\softdelete_p1.
[DEBUG] Installing Schema: \phpbb\db\migration\data\v310\softdelete_p1.
[DEBUG] Installing Schema: \phpbb\db\migration\data\v310\softdelete_p1; Time: 12.36 seconds
[DEBUG] Apply dependencies of \phpbb\db\migration\data\v31x\profilefield_remove_underscore_from_alpha.
[DEBUG] Apply dependencies of \phpbb\db\migration\data\v31x\v311.
[DEBUG] Apply dependencies of \phpbb\db\migration\data\v310\gold.
[DEBUG] Apply dependencies of \phpbb\db\migration\data\v310\rc6.
[DEBUG] Apply dependencies of \phpbb\db\migration\data\v310\rc5.
[DEBUG] Apply dependencies of \phpbb\db\migration\data\v310\rc4.
[DEBUG] Apply dependencies of \phpbb\db\migration\data\v310\rc3.
[DEBUG] Apply dependencies of \phpbb\db\migration\data\v310\rc2.
[DEBUG] Apply dependencies of \phpbb\db\migration\data\v310\rc1.
[DEBUG] Apply dependencies of \phpbb\db\migration\data\v310\beta4.
[DEBUG] Apply dependencies of \phpbb\db\migration\data\v310\beta3.
[DEBUG] Apply dependencies of \phpbb\db\migration\data\v310\beta2.
[DEBUG] Apply dependencies of \phpbb\db\migration\data\v310\beta1.
[DEBUG] Apply dependencies of \phpbb\db\migration\data\v310\alpha3.
[DEBUG] Apply dependencies of \phpbb\db\migration\data\v310\alpha2.
[DEBUG] Apply dependencies of \phpbb\db\migration\data\v310\alpha1.
[DEBUG] Apply dependencies of \phpbb\db\migration\data\v310\softdelete_mcp_modules.
[DEBUG] Apply dependencies of \phpbb\db\migration\data\v310\softdelete_p2.
[DEBUG] Apply dependencies of \phpbb\db\migration\data\v310\softdelete_p1.
[DEBUG] Installing Schema: \phpbb\db\migration\data\v310\softdelete_p1.
[DEBUG] Installing Schema: \phpbb\db\migration\data\v310\softdelete_p1; Time: 12.73 seconds
