[22-Aug-2025 13:05:35 Europe/Madrid] Uncaught PHP Exception Drupal\Component\Plugin\Exception\PluginNotFoundException: "The "fetcher" entity type does not exist." at /home/jlcarrera/www/local/d11.elaireacondicionado/web/core/lib/Drupal/Core/Entity/EntityTypeManager.php line 139
[22-Aug-2025 13:07:06 Europe/Madrid] Uncaught PHP Exception Drupal\Component\Plugin\Exception\PluginNotFoundException: "The "fetcher" entity type does not exist." at /home/jlcarrera/www/local/d11.elaireacondicionado/web/core/lib/Drupal/Core/Entity/EntityTypeManager.php line 139
[22-Aug-2025 11:21:59 UTC] Error: Interface "Drupal\media_library\MediaLibraryOpenerInterface" not found in /home/jlcarrera/www/local/d11.elaireacondicionado/web/modules/contrib/media_library_form_element/src/MediaLibraryFormElementOpener.php on line 18 #0 /home/jlcarrera/www/local/d11.elaireacondicionado/vendor/composer/ClassLoader.php(576): include()
#1 /home/jlcarrera/www/local/d11.elaireacondicionado/vendor/composer/ClassLoader.php(427): Composer\Autoload\{closure}()
#2 [internal function]: Composer\Autoload\ClassLoader->loadClass()
#3 /home/jlcarrera/www/local/d11.elaireacondicionado/vendor/symfony/dependency-injection/ContainerBuilder.php(405): class_exists()
#4 /home/jlcarrera/www/local/d11.elaireacondicionado/vendor/symfony/dependency-injection/Compiler/RegisterAutoconfigureAttributesPass.php(34): Symfony\Component\DependencyInjection\ContainerBuilder->getReflectionClass()
#5 /home/jlcarrera/www/local/d11.elaireacondicionado/vendor/symfony/dependency-injection/Compiler/Compiler.php(73): Symfony\Component\DependencyInjection\Compiler\RegisterAutoconfigureAttributesPass->process()
#6 /home/jlcarrera/www/local/d11.elaireacondicionado/vendor/symfony/dependency-injection/ContainerBuilder.php(814): Symfony\Component\DependencyInjection\Compiler\Compiler->compile()
#7 /home/jlcarrera/www/local/d11.elaireacondicionado/web/core/lib/Drupal/Core/DrupalKernel.php(1399): Symfony\Component\DependencyInjection\ContainerBuilder->compile()
#8 /home/jlcarrera/www/local/d11.elaireacondicionado/web/core/lib/Drupal/Core/DrupalKernel.php(915): Drupal\Core\DrupalKernel->compileContainer()
#9 /home/jlcarrera/www/local/d11.elaireacondicionado/web/core/lib/Drupal/Core/Update/UpdateKernel.php(42): Drupal\Core\DrupalKernel->initializeContainer()
#10 /home/jlcarrera/www/local/d11.elaireacondicionado/web/core/lib/Drupal/Core/DrupalKernel.php(506): Drupal\Core\Update\UpdateKernel->initializeContainer()
#11 /home/jlcarrera/www/local/d11.elaireacondicionado/web/core/lib/Drupal/Core/Update/UpdateKernel.php(65): Drupal\Core\DrupalKernel->boot()
#12 /home/jlcarrera/www/local/d11.elaireacondicionado/web/update.php(27): Drupal\Core\Update\UpdateKernel->handle()
#13 {main}
[22-Aug-2025 11:23:13 UTC] Error: Interface "Drupal\media_library\MediaLibraryOpenerInterface" not found in /home/jlcarrera/www/local/d11.elaireacondicionado/web/modules/contrib/media_library_form_element/src/MediaLibraryFormElementOpener.php on line 18 #0 /home/jlcarrera/www/local/d11.elaireacondicionado/vendor/composer/ClassLoader.php(576): include()
#1 /home/jlcarrera/www/local/d11.elaireacondicionado/vendor/composer/ClassLoader.php(427): Composer\Autoload\{closure}()
#2 [internal function]: Composer\Autoload\ClassLoader->loadClass()
#3 /home/jlcarrera/www/local/d11.elaireacondicionado/vendor/symfony/dependency-injection/ContainerBuilder.php(405): class_exists()
#4 /home/jlcarrera/www/local/d11.elaireacondicionado/vendor/symfony/dependency-injection/Compiler/RegisterAutoconfigureAttributesPass.php(34): Symfony\Component\DependencyInjection\ContainerBuilder->getReflectionClass()
#5 /home/jlcarrera/www/local/d11.elaireacondicionado/vendor/symfony/dependency-injection/Compiler/Compiler.php(73): Symfony\Component\DependencyInjection\Compiler\RegisterAutoconfigureAttributesPass->process()
#6 /home/jlcarrera/www/local/d11.elaireacondicionado/vendor/symfony/dependency-injection/ContainerBuilder.php(814): Symfony\Component\DependencyInjection\Compiler\Compiler->compile()
#7 /home/jlcarrera/www/local/d11.elaireacondicionado/web/core/lib/Drupal/Core/DrupalKernel.php(1399): Symfony\Component\DependencyInjection\ContainerBuilder->compile()
#8 /home/jlcarrera/www/local/d11.elaireacondicionado/web/core/lib/Drupal/Core/DrupalKernel.php(915): Drupal\Core\DrupalKernel->compileContainer()
#9 /home/jlcarrera/www/local/d11.elaireacondicionado/web/core/lib/Drupal/Core/Update/UpdateKernel.php(42): Drupal\Core\DrupalKernel->initializeContainer()
#10 /home/jlcarrera/www/local/d11.elaireacondicionado/web/core/lib/Drupal/Core/DrupalKernel.php(506): Drupal\Core\Update\UpdateKernel->initializeContainer()
#11 /home/jlcarrera/www/local/d11.elaireacondicionado/web/core/lib/Drupal/Core/Update/UpdateKernel.php(65): Drupal\Core\DrupalKernel->boot()
#12 /home/jlcarrera/www/local/d11.elaireacondicionado/web/update.php(27): Drupal\Core\Update\UpdateKernel->handle()
#13 {main}
[22-Aug-2025 11:25:01 UTC] Error: Interface "Drupal\media_library\MediaLibraryOpenerInterface" not found in /home/jlcarrera/www/local/d11.elaireacondicionado/web/modules/contrib/media_library_form_element/src/MediaLibraryFormElementOpener.php on line 18 #0 /home/jlcarrera/www/local/d11.elaireacondicionado/vendor/composer/ClassLoader.php(576): include()
#1 /home/jlcarrera/www/local/d11.elaireacondicionado/vendor/composer/ClassLoader.php(427): Composer\Autoload\{closure}()
#2 [internal function]: Composer\Autoload\ClassLoader->loadClass()
#3 /home/jlcarrera/www/local/d11.elaireacondicionado/vendor/symfony/dependency-injection/ContainerBuilder.php(405): class_exists()
#4 /home/jlcarrera/www/local/d11.elaireacondicionado/vendor/symfony/dependency-injection/Compiler/RegisterAutoconfigureAttributesPass.php(34): Symfony\Component\DependencyInjection\ContainerBuilder->getReflectionClass()
#5 /home/jlcarrera/www/local/d11.elaireacondicionado/vendor/symfony/dependency-injection/Compiler/Compiler.php(73): Symfony\Component\DependencyInjection\Compiler\RegisterAutoconfigureAttributesPass->process()
#6 /home/jlcarrera/www/local/d11.elaireacondicionado/vendor/symfony/dependency-injection/ContainerBuilder.php(814): Symfony\Component\DependencyInjection\Compiler\Compiler->compile()
#7 /home/jlcarrera/www/local/d11.elaireacondicionado/web/core/lib/Drupal/Core/DrupalKernel.php(1399): Symfony\Component\DependencyInjection\ContainerBuilder->compile()
#8 /home/jlcarrera/www/local/d11.elaireacondicionado/web/core/lib/Drupal/Core/DrupalKernel.php(915): Drupal\Core\DrupalKernel->compileContainer()
#9 /home/jlcarrera/www/local/d11.elaireacondicionado/web/core/lib/Drupal/Core/Update/UpdateKernel.php(42): Drupal\Core\DrupalKernel->initializeContainer()
#10 /home/jlcarrera/www/local/d11.elaireacondicionado/web/core/lib/Drupal/Core/DrupalKernel.php(506): Drupal\Core\Update\UpdateKernel->initializeContainer()
#11 /home/jlcarrera/www/local/d11.elaireacondicionado/web/core/lib/Drupal/Core/Update/UpdateKernel.php(65): Drupal\Core\DrupalKernel->boot()
#12 /home/jlcarrera/www/local/d11.elaireacondicionado/web/update.php(27): Drupal\Core\Update\UpdateKernel->handle()
#13 {main}
[20-Nov-2025 11:45:02 Europe/Madrid] Uncaught PHP Exception Drupal\Component\Plugin\Exception\PluginNotFoundException: "The "views_attachment_tabs_extender" plugin does not exist. Valid plugin IDs for Drupal\views\Plugin\ViewsPluginManager are: default" at /home/jlcarrera/www/local/d11.elaireacondicionado/web/core/lib/Drupal/Component/Plugin/Discovery/DiscoveryTrait.php line 53
[20-Nov-2025 11:45:07 Europe/Madrid] Uncaught PHP Exception Drupal\Component\Plugin\Exception\PluginNotFoundException: "The "views_attachment_tabs_extender" plugin does not exist. Valid plugin IDs for Drupal\views\Plugin\ViewsPluginManager are: default" at /home/jlcarrera/www/local/d11.elaireacondicionado/web/core/lib/Drupal/Component/Plugin/Discovery/DiscoveryTrait.php line 53
[20-Nov-2025 11:45:11 Europe/Madrid] Uncaught PHP Exception Drupal\Component\Plugin\Exception\PluginNotFoundException: "The "views_attachment_tabs_extender" plugin does not exist. Valid plugin IDs for Drupal\views\Plugin\ViewsPluginManager are: default" at /home/jlcarrera/www/local/d11.elaireacondicionado/web/core/lib/Drupal/Component/Plugin/Discovery/DiscoveryTrait.php line 53
[20-Nov-2025 11:45:14 Europe/Madrid] Uncaught PHP Exception Drupal\Component\Plugin\Exception\PluginNotFoundException: "The "views_attachment_tabs_extender" plugin does not exist. Valid plugin IDs for Drupal\views\Plugin\ViewsPluginManager are: default" at /home/jlcarrera/www/local/d11.elaireacondicionado/web/core/lib/Drupal/Component/Plugin/Discovery/DiscoveryTrait.php line 53
[20-Nov-2025 11:45:15 Europe/Madrid] Uncaught PHP Exception Drupal\Component\Plugin\Exception\PluginNotFoundException: "The "views_attachment_tabs_extender" plugin does not exist. Valid plugin IDs for Drupal\views\Plugin\ViewsPluginManager are: default" at /home/jlcarrera/www/local/d11.elaireacondicionado/web/core/lib/Drupal/Component/Plugin/Discovery/DiscoveryTrait.php line 53
[20-Nov-2025 11:45:20 Europe/Madrid] Uncaught PHP Exception Drupal\Component\Plugin\Exception\PluginNotFoundException: "The "views_attachment_tabs_extender" plugin does not exist. Valid plugin IDs for Drupal\views\Plugin\ViewsPluginManager are: default" at /home/jlcarrera/www/local/d11.elaireacondicionado/web/core/lib/Drupal/Component/Plugin/Discovery/DiscoveryTrait.php line 53
[20-Nov-2025 11:46:36 Europe/Madrid] Drupal\Component\Plugin\Exception\PluginNotFoundException: The "views_attachment_tabs_extender" plugin does not exist. Valid plugin IDs for Drupal\views\Plugin\ViewsPluginManager are: default in /home/jlcarrera/www/local/d11.elaireacondicionado/web/core/lib/Drupal/Component/Plugin/Discovery/DiscoveryTrait.php on line 53 #0 /home/jlcarrera/www/local/d11.elaireacondicionado/web/core/lib/Drupal/Component/Plugin/Discovery/DiscoveryCachedTrait.php(28): Drupal\Core\Plugin\DefaultPluginManager->doGetDefinition()
#1 /home/jlcarrera/www/local/d11.elaireacondicionado/web/core/lib/Drupal/Core/Plugin/Factory/ContainerFactory.php(16): Drupal\Core\Plugin\DefaultPluginManager->getDefinition()
#2 /home/jlcarrera/www/local/d11.elaireacondicionado/web/core/lib/Drupal/Component/Plugin/PluginManagerBase.php(85): Drupal\Core\Plugin\Factory\ContainerFactory->createInstance()
#3 /home/jlcarrera/www/local/d11.elaireacondicionado/web/core/modules/views/src/Plugin/views/display/DisplayPluginBase.php(176): Drupal\Component\Plugin\PluginManagerBase->createInstance()
#4 /home/jlcarrera/www/local/d11.elaireacondicionado/web/core/modules/views/src/DisplayPluginCollection.php(98): Drupal\views\Plugin\views\display\DisplayPluginBase->initDisplay()
#5 /home/jlcarrera/www/local/d11.elaireacondicionado/web/core/modules/views/src/DisplayPluginCollection.php(42): Drupal\views\DisplayPluginCollection->initializePlugin()
#6 /home/jlcarrera/www/local/d11.elaireacondicionado/web/core/modules/views/src/ViewExecutable.php(783): Drupal\views\DisplayPluginCollection->__construct()
#7 /home/jlcarrera/www/local/d11.elaireacondicionado/web/core/modules/views/src/ViewExecutable.php(844): Drupal\views\ViewExecutable->initDisplay()
#8 /home/jlcarrera/www/local/d11.elaireacondicionado/web/core/modules/views/src/EventSubscriber/RouteSubscriber.php(117): Drupal\views\ViewExecutable->setDisplay()
#9 [internal function]: Drupal\views\EventSubscriber\RouteSubscriber->routes()
#10 /home/jlcarrera/www/local/d11.elaireacondicionado/web/core/lib/Drupal/Core/Routing/RouteBuilder.php(146): call_user_func()
#11 /home/jlcarrera/www/local/d11.elaireacondicionado/web/core/lib/Drupal/Core/ProxyClass/Routing/RouteBuilder.php(83): Drupal\Core\Routing\RouteBuilder->rebuild()
#12 /home/jlcarrera/www/local/d11.elaireacondicionado/web/core/includes/common.inc(473): Drupal\Core\ProxyClass\Routing\RouteBuilder->rebuild()
#13 /home/jlcarrera/www/local/d11.elaireacondicionado/web/core/modules/system/src/Controller/DbUpdateController.php(678): drupal_flush_all_caches()
#14 /home/jlcarrera/www/local/d11.elaireacondicionado/web/core/includes/batch.inc(459): Drupal\system\Controller\DbUpdateController::batchFinished()
#15 /home/jlcarrera/www/local/d11.elaireacondicionado/web/core/includes/batch.inc(100): _batch_finished()
#16 /home/jlcarrera/www/local/d11.elaireacondicionado/web/core/modules/system/src/Controller/DbUpdateController.php(201): _batch_page()
#17 [internal function]: Drupal\system\Controller\DbUpdateController->handle()
#18 /home/jlcarrera/www/local/d11.elaireacondicionado/web/core/lib/Drupal/Core/Update/UpdateKernel.php(115): call_user_func_array()
#19 /home/jlcarrera/www/local/d11.elaireacondicionado/web/core/lib/Drupal/Core/Update/UpdateKernel.php(76): Drupal\Core\Update\UpdateKernel->handleRaw()
#20 /home/jlcarrera/www/local/d11.elaireacondicionado/web/update.php(27): Drupal\Core\Update\UpdateKernel->handle()
#21 {main}
[20-Nov-2025 11:46:48 Europe/Madrid] Drupal\Component\Plugin\Exception\PluginNotFoundException: The "views_attachment_tabs_extender" plugin does not exist. Valid plugin IDs for Drupal\views\Plugin\ViewsPluginManager are: default in /home/jlcarrera/www/local/d11.elaireacondicionado/web/core/lib/Drupal/Component/Plugin/Discovery/DiscoveryTrait.php on line 53 #0 /home/jlcarrera/www/local/d11.elaireacondicionado/web/core/lib/Drupal/Component/Plugin/Discovery/DiscoveryCachedTrait.php(28): Drupal\Core\Plugin\DefaultPluginManager->doGetDefinition()
#1 /home/jlcarrera/www/local/d11.elaireacondicionado/web/core/lib/Drupal/Core/Plugin/Factory/ContainerFactory.php(16): Drupal\Core\Plugin\DefaultPluginManager->getDefinition()
#2 /home/jlcarrera/www/local/d11.elaireacondicionado/web/core/lib/Drupal/Component/Plugin/PluginManagerBase.php(85): Drupal\Core\Plugin\Factory\ContainerFactory->createInstance()
#3 /home/jlcarrera/www/local/d11.elaireacondicionado/web/core/modules/views/src/Plugin/views/display/DisplayPluginBase.php(176): Drupal\Component\Plugin\PluginManagerBase->createInstance()
#4 /home/jlcarrera/www/local/d11.elaireacondicionado/web/core/modules/views/src/DisplayPluginCollection.php(98): Drupal\views\Plugin\views\display\DisplayPluginBase->initDisplay()
#5 /home/jlcarrera/www/local/d11.elaireacondicionado/web/core/modules/views/src/DisplayPluginCollection.php(42): Drupal\views\DisplayPluginCollection->initializePlugin()
#6 /home/jlcarrera/www/local/d11.elaireacondicionado/web/core/modules/views/src/ViewExecutable.php(783): Drupal\views\DisplayPluginCollection->__construct()
#7 /home/jlcarrera/www/local/d11.elaireacondicionado/web/core/modules/views/src/ViewExecutable.php(844): Drupal\views\ViewExecutable->initDisplay()
#8 /home/jlcarrera/www/local/d11.elaireacondicionado/web/core/modules/views/src/EventSubscriber/RouteSubscriber.php(117): Drupal\views\ViewExecutable->setDisplay()
#9 [internal function]: Drupal\views\EventSubscriber\RouteSubscriber->routes()
#10 /home/jlcarrera/www/local/d11.elaireacondicionado/web/core/lib/Drupal/Core/Routing/RouteBuilder.php(146): call_user_func()
#11 /home/jlcarrera/www/local/d11.elaireacondicionado/web/core/lib/Drupal/Core/ProxyClass/Routing/RouteBuilder.php(83): Drupal\Core\Routing\RouteBuilder->rebuild()
#12 /home/jlcarrera/www/local/d11.elaireacondicionado/web/core/includes/common.inc(473): Drupal\Core\ProxyClass\Routing\RouteBuilder->rebuild()
#13 /home/jlcarrera/www/local/d11.elaireacondicionado/web/core/modules/system/src/Controller/DbUpdateController.php(678): drupal_flush_all_caches()
#14 /home/jlcarrera/www/local/d11.elaireacondicionado/web/core/includes/batch.inc(459): Drupal\system\Controller\DbUpdateController::batchFinished()
#15 /home/jlcarrera/www/local/d11.elaireacondicionado/web/core/includes/batch.inc(100): _batch_finished()
#16 /home/jlcarrera/www/local/d11.elaireacondicionado/web/core/modules/system/src/Controller/DbUpdateController.php(201): _batch_page()
#17 [internal function]: Drupal\system\Controller\DbUpdateController->handle()
#18 /home/jlcarrera/www/local/d11.elaireacondicionado/web/core/lib/Drupal/Core/Update/UpdateKernel.php(115): call_user_func_array()
#19 /home/jlcarrera/www/local/d11.elaireacondicionado/web/core/lib/Drupal/Core/Update/UpdateKernel.php(76): Drupal\Core\Update\UpdateKernel->handleRaw()
#20 /home/jlcarrera/www/local/d11.elaireacondicionado/web/update.php(27): Drupal\Core\Update\UpdateKernel->handle()
#21 {main}
[20-Nov-2025 11:46:54 Europe/Madrid] Uncaught PHP Exception Drupal\Component\Plugin\Exception\PluginNotFoundException: "The "views_attachment_tabs_extender" plugin does not exist. Valid plugin IDs for Drupal\views\Plugin\ViewsPluginManager are: default" at /home/jlcarrera/www/local/d11.elaireacondicionado/web/core/lib/Drupal/Component/Plugin/Discovery/DiscoveryTrait.php line 53
[20-Nov-2025 11:47:03 Europe/Madrid] Uncaught PHP Exception Error: "Call to a member function access() on null" at /home/jlcarrera/www/local/d11.elaireacondicionado/web/core/modules/block/src/BlockAccessControlHandler.php line 124
[20-Nov-2025 11:47:42 Europe/Madrid] Uncaught PHP Exception Drupal\Component\Plugin\Exception\PluginNotFoundException: "The "views_attachment_tabs_extender" plugin does not exist. Valid plugin IDs for Drupal\views\Plugin\ViewsPluginManager are: default" at /home/jlcarrera/www/local/d11.elaireacondicionado/web/core/lib/Drupal/Component/Plugin/Discovery/DiscoveryTrait.php line 53
[20-Nov-2025 11:47:42 Europe/Madrid] Uncaught PHP Exception Drupal\Component\Plugin\Exception\PluginNotFoundException: "The "views_attachment_tabs_extender" plugin does not exist. Valid plugin IDs for Drupal\views\Plugin\ViewsPluginManager are: default" at /home/jlcarrera/www/local/d11.elaireacondicionado/web/core/lib/Drupal/Component/Plugin/Discovery/DiscoveryTrait.php line 53
[20-Nov-2025 11:47:43 Europe/Madrid] Uncaught PHP Exception Drupal\Component\Plugin\Exception\PluginNotFoundException: "The "views_attachment_tabs_extender" plugin does not exist. Valid plugin IDs for Drupal\views\Plugin\ViewsPluginManager are: default" at /home/jlcarrera/www/local/d11.elaireacondicionado/web/core/lib/Drupal/Component/Plugin/Discovery/DiscoveryTrait.php line 53
[20-Nov-2025 11:48:08 Europe/Madrid] Uncaught PHP Exception Drupal\Component\Plugin\Exception\PluginNotFoundException: "The "views_attachment_tabs_extender" plugin does not exist. Valid plugin IDs for Drupal\views\Plugin\ViewsPluginManager are: default" at /home/jlcarrera/www/local/d11.elaireacondicionado/web/core/lib/Drupal/Component/Plugin/Discovery/DiscoveryTrait.php line 53
[20-Nov-2025 11:51:48 Europe/Madrid] Uncaught PHP Exception Drupal\Component\Plugin\Exception\PluginNotFoundException: "The "views_attachment_tabs_extender" plugin does not exist. Valid plugin IDs for Drupal\views\Plugin\ViewsPluginManager are: default" at /home/jlcarrera/www/local/d11.elaireacondicionado/web/core/lib/Drupal/Component/Plugin/Discovery/DiscoveryTrait.php line 53
[20-Nov-2025 12:03:42 Europe/Madrid] Uncaught PHP Exception Symfony\Component\Routing\Exception\InvalidParameterException: "Parameter "arg_0" for route "view.glossary.page_1" must match "[^/]++" ("caudal m3/h" given) to generate a corresponding URL." at /home/jlcarrera/www/local/d11.elaireacondicionado/web/core/lib/Drupal/Core/Routing/UrlGenerator.php line 223
[20-Nov-2025 12:03:45 Europe/Madrid] Uncaught PHP Exception Symfony\Component\Routing\Exception\InvalidParameterException: "Parameter "arg_0" for route "view.glossary.page_1" must match "[^/]++" ("caudal m3/h" given) to generate a corresponding URL." at /home/jlcarrera/www/local/d11.elaireacondicionado/web/core/lib/Drupal/Core/Routing/UrlGenerator.php line 223
[20-Nov-2025 13:00:55 Europe/Madrid] Uncaught PHP Exception TypeError: "Drupal\Component\Utility\Html::escape(): Argument #1 ($text) must be of type string, array given, called in /home/jlcarrera/www/local/d11.elaireacondicionado/web/core/lib/Drupal/Component/Render/FormattableMarkup.php on line 238" at /home/jlcarrera/www/local/d11.elaireacondicionado/web/core/lib/Drupal/Component/Utility/Html.php line 433
[20-Nov-2025 13:00:58 Europe/Madrid] Uncaught PHP Exception TypeError: "Drupal\Component\Utility\Html::escape(): Argument #1 ($text) must be of type string, array given, called in /home/jlcarrera/www/local/d11.elaireacondicionado/web/core/lib/Drupal/Component/Render/FormattableMarkup.php on line 238" at /home/jlcarrera/www/local/d11.elaireacondicionado/web/core/lib/Drupal/Component/Utility/Html.php line 433
[20-Nov-2025 13:00:59 Europe/Madrid] Uncaught PHP Exception TypeError: "Drupal\Component\Utility\Html::escape(): Argument #1 ($text) must be of type string, array given, called in /home/jlcarrera/www/local/d11.elaireacondicionado/web/core/lib/Drupal/Component/Render/FormattableMarkup.php on line 238" at /home/jlcarrera/www/local/d11.elaireacondicionado/web/core/lib/Drupal/Component/Utility/Html.php line 433
[20-Nov-2025 13:58:13 Europe/Madrid] Uncaught PHP Exception TypeError: "Drupal\Component\Utility\Html::escape(): Argument #1 ($text) must be of type string, array given, called in /home/jlcarrera/www/local/d11.elaireacondicionado/web/core/lib/Drupal/Component/Render/FormattableMarkup.php on line 238" at /home/jlcarrera/www/local/d11.elaireacondicionado/web/core/lib/Drupal/Component/Utility/Html.php line 433
[20-Nov-2025 13:58:15 Europe/Madrid] Uncaught PHP Exception TypeError: "Drupal\Component\Utility\Html::escape(): Argument #1 ($text) must be of type string, array given, called in /home/jlcarrera/www/local/d11.elaireacondicionado/web/core/lib/Drupal/Component/Render/FormattableMarkup.php on line 238" at /home/jlcarrera/www/local/d11.elaireacondicionado/web/core/lib/Drupal/Component/Utility/Html.php line 433
[20-Nov-2025 17:53:20 Europe/Madrid] Uncaught PHP Exception LogicException: "Cannot create key "All" on non-array value." at /home/jlcarrera/www/local/d11.elaireacondicionado/web/core/lib/Drupal/Component/Utility/NestedArray.php line 154
[21-Nov-2025 11:57:37 Europe/Madrid] Uncaught PHP Exception Error: "Attempt to assign property "extra" on null" at /home/jlcarrera/www/local/d11.elaireacondicionado/web/core/modules/views/src/ManyToOneHelper.php line 228
[21-Nov-2025 11:57:41 Europe/Madrid] Uncaught PHP Exception Error: "Attempt to assign property "extra" on null" at /home/jlcarrera/www/local/d11.elaireacondicionado/web/core/modules/views/src/ManyToOneHelper.php line 228
[21-Nov-2025 11:57:45 Europe/Madrid] Uncaught PHP Exception Error: "Attempt to assign property "extra" on null" at /home/jlcarrera/www/local/d11.elaireacondicionado/web/core/modules/views/src/ManyToOneHelper.php line 228
[29-Dec-2025 01:27:24 Europe/Madrid] Uncaught PHP Exception Twig\Error\LoaderError: "Template "elaire_radix:navbar-brand" is not defined in "themes/custom/elaire_radix/templates/block/block--system-branding-block.html.twig" at line 24." at /home/jlcarrera/www/local/d11.elaireacondicionado/web/themes/custom/elaire_radix/templates/block/block--system-branding-block.html.twig line 24
[29-Dec-2025 01:27:24 Europe/Madrid] Uncaught PHP Exception Twig\Error\LoaderError: "Template "elaire_radix:navbar-brand" is not defined in "themes/custom/elaire_radix/templates/block/block--system-branding-block.html.twig" at line 24." at /home/jlcarrera/www/local/d11.elaireacondicionado/web/themes/custom/elaire_radix/templates/block/block--system-branding-block.html.twig line 24
[29-Dec-2025 08:00:03 Europe/Madrid] Uncaught PHP Exception Twig\Error\LoaderError: "Template "elaire_elaire_radix:navbar-brand" is not defined in "themes/custom/elaire_radix/templates/block/block--system-branding-block.html.twig" at line 24." at /home/jlcarrera/www/local/d11.elaireacondicionado/web/themes/custom/elaire_radix/templates/block/block--system-branding-block.html.twig line 24
[29-Dec-2025 08:00:03 Europe/Madrid] Uncaught PHP Exception Twig\Error\LoaderError: "Template "elaire_elaire_radix:navbar-brand" is not defined in "themes/custom/elaire_radix/templates/block/block--system-branding-block.html.twig" at line 24." at /home/jlcarrera/www/local/d11.elaireacondicionado/web/themes/custom/elaire_radix/templates/block/block--system-branding-block.html.twig line 24
[29-Dec-2025 08:00:37 Europe/Madrid] Uncaught PHP Exception Twig\Error\LoaderError: "Template "elaire_elaire_radix:navbar-brand" is not defined in "themes/custom/elaire_radix/templates/block/block--system-branding-block.html.twig" at line 24." at /home/jlcarrera/www/local/d11.elaireacondicionado/web/themes/custom/elaire_radix/templates/block/block--system-branding-block.html.twig line 24
[29-Dec-2025 08:00:37 Europe/Madrid] Uncaught PHP Exception Twig\Error\LoaderError: "Template "elaire_elaire_radix:navbar-brand" is not defined in "themes/custom/elaire_radix/templates/block/block--system-branding-block.html.twig" at line 24." at /home/jlcarrera/www/local/d11.elaireacondicionado/web/themes/custom/elaire_radix/templates/block/block--system-branding-block.html.twig line 24
[29-Dec-2025 08:00:38 Europe/Madrid] Uncaught PHP Exception Twig\Error\LoaderError: "Template "elaire_elaire_radix:navbar-brand" is not defined in "themes/custom/elaire_radix/templates/block/block--system-branding-block.html.twig" at line 24." at /home/jlcarrera/www/local/d11.elaireacondicionado/web/themes/custom/elaire_radix/templates/block/block--system-branding-block.html.twig line 24
[29-Dec-2025 08:00:38 Europe/Madrid] Uncaught PHP Exception Twig\Error\LoaderError: "Template "elaire_elaire_radix:navbar-brand" is not defined in "themes/custom/elaire_radix/templates/block/block--system-branding-block.html.twig" at line 24." at /home/jlcarrera/www/local/d11.elaireacondicionado/web/themes/custom/elaire_radix/templates/block/block--system-branding-block.html.twig line 24
[29-Dec-2025 08:01:02 Europe/Madrid] Uncaught PHP Exception Twig\Error\LoaderError: "Template "elaire_elaire_radix:navbar-brand" is not defined in "themes/custom/elaire_radix/templates/block/block--system-branding-block.html.twig" at line 24." at /home/jlcarrera/www/local/d11.elaireacondicionado/web/themes/custom/elaire_radix/templates/block/block--system-branding-block.html.twig line 24
[29-Dec-2025 08:02:40 Europe/Madrid] Uncaught PHP Exception Twig\Error\LoaderError: "Template "elaire_elaire_radix:navbar-brand" is not defined in "themes/custom/elaire_radix/templates/block/block--system-branding-block.html.twig" at line 24." at /home/jlcarrera/www/local/d11.elaireacondicionado/web/themes/custom/elaire_radix/templates/block/block--system-branding-block.html.twig line 24
[29-Dec-2025 08:04:16 Europe/Madrid] Uncaught PHP Exception Twig\Error\LoaderError: "Template "elaire_elaire_radix:navbar-brand" is not defined in "themes/custom/elaire_radix/templates/block/block--system-branding-block.html.twig" at line 24." at /home/jlcarrera/www/local/d11.elaireacondicionado/web/themes/custom/elaire_radix/templates/block/block--system-branding-block.html.twig line 24
[29-Dec-2025 08:04:43 Europe/Madrid] Uncaught PHP Exception Twig\Error\LoaderError: "Template "elaire_elaire_radix:navbar-brand" is not defined in "themes/custom/elaire_radix/templates/block/block--system-branding-block.html.twig" at line 24." at /home/jlcarrera/www/local/d11.elaireacondicionado/web/themes/custom/elaire_radix/templates/block/block--system-branding-block.html.twig line 24
[29-Dec-2025 08:05:33 Europe/Madrid] Uncaught PHP Exception Twig\Error\LoaderError: "Template "elaire_elaire_radix:navbar-brand" is not defined in "themes/custom/elaire_radix/templates/block/block--system-branding-block.html.twig" at line 24." at /home/jlcarrera/www/local/d11.elaireacondicionado/web/themes/custom/elaire_radix/templates/block/block--system-branding-block.html.twig line 24
